A51 MACRO ASSEMBLER  ADD                                                                  05/27/2015 02:07:39 PAGE     1


MACRO ASSEMBLER A51 V8.02c
OBJECT MODULE PLACED IN .\Objects\add.obj
ASSEMBLER INVOKED BY: C:\Keil_v5\C51\BIN\A51.EXE add.asm SET(SMALL) DEBUG PRINT(.\Listings\add.lst) OBJECT(.\Objects\add
                      .obj) EP

LOC  OBJ            LINE     SOURCE

0000                   1     ORG 00H
0000 7404              2     START:  MOV A, #04H
0002 2405              3                     ADD A, #05H
0004 F580              4                     MOV P0, A
                       5     
0006 0106              6     STOP:   AJMP $
                       7                     END
A51 MACRO ASSEMBLER  ADD                                                                  05/27/2015 02:07:39 PAGE     2

SYMBOL TABLE LISTING
------ ----- -------


N A M E             T Y P E  V A L U E   ATTRIBUTES

P0 . . . . . . . .  D ADDR   0080H   A   
START. . . . . . .  C ADDR   0000H   A   
STOP . . . . . . .  C ADDR   0006H   A   


REGISTER BANK(S) USED: 0 


ASSEMBLY COMPLETE.  0 WARNING(S), 0 ERROR(S)
